  BoxScaleAndRotate.cpp
C:\Users\admin\source\repos\BoxScaleAndRotate\BoxScaleAndRotate\matrix.h(6,10): error C3646: columns: неизвестный спецификатор переопределения
C:\Users\admin\source\repos\BoxScaleAndRotate\BoxScaleAndRotate\matrix.h(6,17): error C2143: синтаксическая ошибка: отсутствие "," перед "["
C:\Users\admin\source\repos\BoxScaleAndRotate\BoxScaleAndRotate\matrix.h(6,20): error C2238: непредвиденные лексемы перед ";"
C:\Users\admin\source\repos\BoxScaleAndRotate\BoxScaleAndRotate\matrix.h(16,10): error C2061: синтаксическая ошибка: идентификатор "vec4"
C:\Users\admin\source\repos\BoxScaleAndRotate\BoxScaleAndRotate\matrix.h(16,5): error C2535: mat4::mat4(void): функция-член уже определена или объявлена
C:\Users\admin\source\repos\BoxScaleAndRotate\BoxScaleAndRotate\matrix.h(8,5): message : см. объявление "mat4::mat4"
C:\Users\admin\source\repos\BoxScaleAndRotate\BoxScaleAndRotate\matrix.h(24,15): error C4430: отсутствует спецификатор типа - предполагается int. Примечание. C++ не поддерживает int по умолчанию
C:\Users\admin\source\repos\BoxScaleAndRotate\BoxScaleAndRotate\matrix.h(24,15): error C2143: синтаксическая ошибка: отсутствие ";" перед "&"
C:\Users\admin\source\repos\BoxScaleAndRotate\BoxScaleAndRotate\matrix.h(25,5): error C2334: непредвиденные лексемы перед "{"; пропуск вероятного тела функции
C:\Users\admin\source\repos\BoxScaleAndRotate\BoxScaleAndRotate\matrix.h(28,9): error C2143: синтаксическая ошибка: отсутствие ";" перед "&"
C:\Users\admin\source\repos\BoxScaleAndRotate\BoxScaleAndRotate\matrix.h(28,9): error C4430: отсутствует спецификатор типа - предполагается int. Примечание. C++ не поддерживает int по умолчанию
C:\Users\admin\source\repos\BoxScaleAndRotate\BoxScaleAndRotate\matrix.h(29,5): error C2334: непредвиденные лексемы перед "{"; пропуск вероятного тела функции
C:\Users\admin\source\repos\BoxScaleAndRotate\BoxScaleAndRotate\matrix.h(8,9): error C2789: "mat4::vec4": требуется инициализация объекта типа класса, квалифицированного как const
C:\Users\admin\source\repos\BoxScaleAndRotate\BoxScaleAndRotate\matrix.h(24,11): message : см. объявление "mat4::vec4"
C:\Users\admin\source\repos\BoxScaleAndRotate\BoxScaleAndRotate\matrix.h(10,9): error C2065: columns: необъявленный идентификатор
C:\Users\admin\source\repos\BoxScaleAndRotate\BoxScaleAndRotate\matrix.h(10,22): error C2064: результатом вычисления фрагмента не является функция, принимающая 4 аргументов
C:\Users\admin\source\repos\BoxScaleAndRotate\BoxScaleAndRotate\matrix.h(11,9): error C2065: columns: необъявленный идентификатор
C:\Users\admin\source\repos\BoxScaleAndRotate\BoxScaleAndRotate\matrix.h(11,22): error C2064: результатом вычисления фрагмента не является функция, принимающая 4 аргументов
C:\Users\admin\source\repos\BoxScaleAndRotate\BoxScaleAndRotate\matrix.h(12,9): error C2065: columns: необъявленный идентификатор
C:\Users\admin\source\repos\BoxScaleAndRotate\BoxScaleAndRotate\matrix.h(12,22): error C2064: результатом вычисления фрагмента не является функция, принимающая 4 аргументов
C:\Users\admin\source\repos\BoxScaleAndRotate\BoxScaleAndRotate\matrix.h(13,9): error C2065: columns: необъявленный идентификатор
C:\Users\admin\source\repos\BoxScaleAndRotate\BoxScaleAndRotate\matrix.h(13,22): error C2064: результатом вычисления фрагмента не является функция, принимающая 4 аргументов
C:\Users\admin\source\repos\BoxScaleAndRotate\BoxScaleAndRotate\matrix.h(16,9): error C2789: "mat4::vec4": требуется инициализация объекта типа класса, квалифицированного как const
C:\Users\admin\source\repos\BoxScaleAndRotate\BoxScaleAndRotate\matrix.h(24,11): message : см. объявление "mat4::vec4"
C:\Users\admin\source\repos\BoxScaleAndRotate\BoxScaleAndRotate\matrix.h(18,9): error C2065: columns: необъявленный идентификатор
C:\Users\admin\source\repos\BoxScaleAndRotate\BoxScaleAndRotate\matrix.h(18,22): error C2065: x: необъявленный идентификатор
C:\Users\admin\source\repos\BoxScaleAndRotate\BoxScaleAndRotate\matrix.h(19,9): error C2065: columns: необъявленный идентификатор
C:\Users\admin\source\repos\BoxScaleAndRotate\BoxScaleAndRotate\matrix.h(19,22): error C2065: y: необъявленный идентификатор
C:\Users\admin\source\repos\BoxScaleAndRotate\BoxScaleAndRotate\matrix.h(20,9): error C2065: columns: необъявленный идентификатор
C:\Users\admin\source\repos\BoxScaleAndRotate\BoxScaleAndRotate\matrix.h(20,22): error C2065: z: необъявленный идентификатор
C:\Users\admin\source\repos\BoxScaleAndRotate\BoxScaleAndRotate\matrix.h(21,9): error C2065: columns: необъявленный идентификатор
C:\Users\admin\source\repos\BoxScaleAndRotate\BoxScaleAndRotate\matrix.h(21,22): error C2065: w: необъявленный идентификатор
C:\Users\admin\source\repos\BoxScaleAndRotate\BoxScaleAndRotate\matrix.h(36,5): error C2065: vec4: необъявленный идентификатор
C:\Users\admin\source\repos\BoxScaleAndRotate\BoxScaleAndRotate\matrix.h(36,10): error C2146: синтаксическая ошибка: отсутствие ";" перед идентификатором "X"
C:\Users\admin\source\repos\BoxScaleAndRotate\BoxScaleAndRotate\matrix.h(37,13): error C2676: бинарный "[": "const mat4" не определяет этот оператор или преобразование к типу приемлемо к встроенному оператору
C:\Users\admin\source\repos\BoxScaleAndRotate\BoxScaleAndRotate\matrix.h(37,24): error C2676: бинарный "[": "const mat4" не определяет этот оператор или преобразование к типу приемлемо к встроенному оператору
C:\Users\admin\source\repos\BoxScaleAndRotate\BoxScaleAndRotate\matrix.h(37,35): error C2676: бинарный "[": "const mat4" не определяет этот оператор или преобразование к типу приемлемо к встроенному оператору
C:\Users\admin\source\repos\BoxScaleAndRotate\BoxScaleAndRotate\matrix.h(37,46): error C2676: бинарный "[": "const mat4" не определяет этот оператор или преобразование к типу приемлемо к встроенному оператору
C:\Users\admin\source\repos\BoxScaleAndRotate\BoxScaleAndRotate\matrix.h(37,57): error C2676: бинарный "[": "const mat4" не определяет этот оператор или преобразование к типу приемлемо к встроенному оператору
C:\Users\admin\source\repos\BoxScaleAndRotate\BoxScaleAndRotate\matrix.h(37,68): error C2676: бинарный "[": "const mat4" не определяет этот оператор или преобразование к типу приемлемо к встроенному оператору
C:\Users\admin\source\repos\BoxScaleAndRotate\BoxScaleAndRotate\matrix.h(37,79): error C2676: бинарный "[": "const mat4" не определяет этот оператор или преобразование к типу приемлемо к встроенному оператору
C:\Users\admin\source\repos\BoxScaleAndRotate\BoxScaleAndRotate\matrix.h(37,90): error C2676: бинарный "[": "const mat4" не определяет этот оператор или преобразование к типу приемлемо к встроенному оператору
C:\Users\admin\source\repos\BoxScaleAndRotate\BoxScaleAndRotate\matrix.h(38,13): error C2676: бинарный "[": "const mat4" не определяет этот оператор или преобразование к типу приемлемо к встроенному оператору
C:\Users\admin\source\repos\BoxScaleAndRotate\BoxScaleAndRotate\matrix.h(38,24): error C2676: бинарный "[": "const mat4" не определяет этот оператор или преобразование к типу приемлемо к встроенному оператору
C:\Users\admin\source\repos\BoxScaleAndRotate\BoxScaleAndRotate\matrix.h(38,35): error C2676: бинарный "[": "const mat4" не определяет этот оператор или преобразование к типу приемлемо к встроенному оператору
C:\Users\admin\source\repos\BoxScaleAndRotate\BoxScaleAndRotate\matrix.h(38,46): error C2676: бинарный "[": "const mat4" не определяет этот оператор или преобразование к типу приемлемо к встроенному оператору
C:\Users\admin\source\repos\BoxScaleAndRotate\BoxScaleAndRotate\matrix.h(38,57): error C2676: бинарный "[": "const mat4" не определяет этот оператор или преобразование к типу приемлемо к встроенному оператору
C:\Users\admin\source\repos\BoxScaleAndRotate\BoxScaleAndRotate\matrix.h(38,68): error C2676: бинарный "[": "const mat4" не определяет этот оператор или преобразование к типу приемлемо к встроенному оператору
C:\Users\admin\source\repos\BoxScaleAndRotate\BoxScaleAndRotate\matrix.h(38,79): error C2676: бинарный "[": "const mat4" не определяет этот оператор или преобразование к типу приемлемо к встроенному оператору
C:\Users\admin\source\repos\BoxScaleAndRotate\BoxScaleAndRotate\matrix.h(38,90): error C2676: бинарный "[": "const mat4" не определяет этот оператор или преобразование к типу приемлемо к встроенному оператору
C:\Users\admin\source\repos\BoxScaleAndRotate\BoxScaleAndRotate\matrix.h(39,13): error C2676: бинарный "[": "const mat4" не определяет этот оператор или преобразование к типу приемлемо к встроенному оператору
C:\Users\admin\source\repos\BoxScaleAndRotate\BoxScaleAndRotate\matrix.h(39,24): error C2676: бинарный "[": "const mat4" не определяет этот оператор или преобразование к типу приемлемо к встроенному оператору
C:\Users\admin\source\repos\BoxScaleAndRotate\BoxScaleAndRotate\matrix.h(39,35): error C2676: бинарный "[": "const mat4" не определяет этот оператор или преобразование к типу приемлемо к встроенному оператору
C:\Users\admin\source\repos\BoxScaleAndRotate\BoxScaleAndRotate\matrix.h(39,46): error C2676: бинарный "[": "const mat4" не определяет этот оператор или преобразование к типу приемлемо к встроенному оператору
C:\Users\admin\source\repos\BoxScaleAndRotate\BoxScaleAndRotate\matrix.h(39,57): error C2676: бинарный "[": "const mat4" не определяет этот оператор или преобразование к типу приемлемо к встроенному оператору
C:\Users\admin\source\repos\BoxScaleAndRotate\BoxScaleAndRotate\matrix.h(39,68): error C2676: бинарный "[": "const mat4" не определяет этот оператор или преобразование к типу приемлемо к встроенному оператору
C:\Users\admin\source\repos\BoxScaleAndRotate\BoxScaleAndRotate\matrix.h(39,79): error C2676: бинарный "[": "const mat4" не определяет этот оператор или преобразование к типу приемлемо к встроенному оператору
C:\Users\admin\source\repos\BoxScaleAndRotate\BoxScaleAndRotate\matrix.h(39,90): error C2676: бинарный "[": "const mat4" не определяет этот оператор или преобразование к типу приемлемо к встроенному оператору
C:\Users\admin\source\repos\BoxScaleAndRotate\BoxScaleAndRotate\matrix.h(40,13): error C2676: бинарный "[": "const mat4" не определяет этот оператор или преобразование к типу приемлемо к встроенному оператору
C:\Users\admin\source\repos\BoxScaleAndRotate\BoxScaleAndRotate\matrix.h(40,24): error C2676: бинарный "[": "const mat4" не определяет этот оператор или преобразование к типу приемлемо к встроенному оператору
C:\Users\admin\source\repos\BoxScaleAndRotate\BoxScaleAndRotate\matrix.h(40,35): error C2676: бинарный "[": "const mat4" не определяет этот оператор или преобразование к типу приемлемо к встроенному оператору
C:\Users\admin\source\repos\BoxScaleAndRotate\BoxScaleAndRotate\matrix.h(40,46): error C2676: бинарный "[": "const mat4" не определяет этот оператор или преобразование к типу приемлемо к встроенному оператору
C:\Users\admin\source\repos\BoxScaleAndRotate\BoxScaleAndRotate\matrix.h(40,57): error C2676: бинарный "[": "const mat4" не определяет этот оператор или преобразование к типу приемлемо к встроенному оператору
C:\Users\admin\source\repos\BoxScaleAndRotate\BoxScaleAndRotate\matrix.h(40,68): error C2676: бинарный "[": "const mat4" не определяет этот оператор или преобразование к типу приемлемо к встроенному оператору
C:\Users\admin\source\repos\BoxScaleAndRotate\BoxScaleAndRotate\matrix.h(40,79): error C2676: бинарный "[": "const mat4" не определяет этот оператор или преобразование к типу приемлемо к встроенному оператору
C:\Users\admin\source\repos\BoxScaleAndRotate\BoxScaleAndRotate\matrix.h(40,90): error C2676: бинарный "[": "const mat4" не определяет этот оператор или преобразование к типу приемлемо к встроенному оператору
C:\Users\admin\source\repos\BoxScaleAndRotate\BoxScaleAndRotate\matrix.h(36,10): error C3861: X: идентификатор не найден
C:\Users\admin\source\repos\BoxScaleAndRotate\BoxScaleAndRotate\matrix.h(42,5): error C2065: vec4: необъявленный идентификатор
C:\Users\admin\source\repos\BoxScaleAndRotate\BoxScaleAndRotate\matrix.h(42,10): error C2146: синтаксическая ошибка: отсутствие ";" перед идентификатором "Y"
C:\Users\admin\source\repos\BoxScaleAndRotate\BoxScaleAndRotate\matrix.h(43,13): error C2676: бинарный "[": "const mat4" не определяет этот оператор или преобразование к типу приемлемо к встроенному оператору
C:\Users\admin\source\repos\BoxScaleAndRotate\BoxScaleAndRotate\matrix.h(43,24): error C2676: бинарный "[": "const mat4" не определяет этот оператор или преобразование к типу приемлемо к встроенному оператору
C:\Users\admin\source\repos\BoxScaleAndRotate\BoxScaleAndRotate\matrix.h(43,35): error C2676: бинарный "[": "const mat4" не определяет этот оператор или преобразование к типу приемлемо к встроенному оператору
C:\Users\admin\source\repos\BoxScaleAndRotate\BoxScaleAndRotate\matrix.h(43,46): error C2676: бинарный "[": "const mat4" не определяет этот оператор или преобразование к типу приемлемо к встроенному оператору
C:\Users\admin\source\repos\BoxScaleAndRotate\BoxScaleAndRotate\matrix.h(43,57): error C2676: бинарный "[": "const mat4" не определяет этот оператор или преобразование к типу приемлемо к встроенному оператору
C:\Users\admin\source\repos\BoxScaleAndRotate\BoxScaleAndRotate\matrix.h(43,68): error C2676: бинарный "[": "const mat4" не определяет этот оператор или преобразование к типу приемлемо к встроенному оператору
C:\Users\admin\source\repos\BoxScaleAndRotate\BoxScaleAndRotate\matrix.h(43,79): error C2676: бинарный "[": "const mat4" не определяет этот оператор или преобразование к типу приемлемо к встроенному оператору
C:\Users\admin\source\repos\BoxScaleAndRotate\BoxScaleAndRotate\matrix.h(43,90): error C2676: бинарный "[": "const mat4" не определяет этот оператор или преобразование к типу приемлемо к встроенному оператору
C:\Users\admin\source\repos\BoxScaleAndRotate\BoxScaleAndRotate\matrix.h(44,13): error C2676: бинарный "[": "const mat4" не определяет этот оператор или преобразование к типу приемлемо к встроенному оператору
C:\Users\admin\source\repos\BoxScaleAndRotate\BoxScaleAndRotate\matrix.h(44,24): error C2676: бинарный "[": "const mat4" не определяет этот оператор или преобразование к типу приемлемо к встроенному оператору
C:\Users\admin\source\repos\BoxScaleAndRotate\BoxScaleAndRotate\matrix.h(44,35): error C2676: бинарный "[": "const mat4" не определяет этот оператор или преобразование к типу приемлемо к встроенному оператору
C:\Users\admin\source\repos\BoxScaleAndRotate\BoxScaleAndRotate\matrix.h(44,46): error C2676: бинарный "[": "const mat4" не определяет этот оператор или преобразование к типу приемлемо к встроенному оператору
C:\Users\admin\source\repos\BoxScaleAndRotate\BoxScaleAndRotate\matrix.h(44,57): error C2676: бинарный "[": "const mat4" не определяет этот оператор или преобразование к типу приемлемо к встроенному оператору
C:\Users\admin\source\repos\BoxScaleAndRotate\BoxScaleAndRotate\matrix.h(44,68): error C2676: бинарный "[": "const mat4" не определяет этот оператор или преобразование к типу приемлемо к встроенному оператору
C:\Users\admin\source\repos\BoxScaleAndRotate\BoxScaleAndRotate\matrix.h(44,79): error C2676: бинарный "[": "const mat4" не определяет этот оператор или преобразование к типу приемлемо к встроенному оператору
C:\Users\admin\source\repos\BoxScaleAndRotate\BoxScaleAndRotate\matrix.h(44,90): error C2676: бинарный "[": "const mat4" не определяет этот оператор или преобразование к типу приемлемо к встроенному оператору
C:\Users\admin\source\repos\BoxScaleAndRotate\BoxScaleAndRotate\matrix.h(45,13): error C2676: бинарный "[": "const mat4" не определяет этот оператор или преобразование к типу приемлемо к встроенному оператору
C:\Users\admin\source\repos\BoxScaleAndRotate\BoxScaleAndRotate\matrix.h(45,24): error C2676: бинарный "[": "const mat4" не определяет этот оператор или преобразование к типу приемлемо к встроенному оператору
C:\Users\admin\source\repos\BoxScaleAndRotate\BoxScaleAndRotate\matrix.h(45,35): error C2676: бинарный "[": "const mat4" не определяет этот оператор или преобразование к типу приемлемо к встроенному оператору
C:\Users\admin\source\repos\BoxScaleAndRotate\BoxScaleAndRotate\matrix.h(45,46): error C2676: бинарный "[": "const mat4" не определяет этот оператор или преобразование к типу приемлемо к встроенному оператору
C:\Users\admin\source\repos\BoxScaleAndRotate\BoxScaleAndRotate\matrix.h(45,57): error C2676: бинарный "[": "const mat4" не определяет этот оператор или преобразование к типу приемлемо к встроенному оператору
C:\Users\admin\source\repos\BoxScaleAndRotate\BoxScaleAndRotate\matrix.h(45,68): error C2676: бинарный "[": "const mat4" не определяет этот оператор или преобразование к типу приемлемо к встроенному оператору
C:\Users\admin\source\repos\BoxScaleAndRotate\BoxScaleAndRotate\matrix.h(45,79): error C2676: бинарный "[": "const mat4" не определяет этот оператор или преобразование к типу приемлемо к встроенному оператору
C:\Users\admin\source\repos\BoxScaleAndRotate\BoxScaleAndRotate\matrix.h(45,90): error C2676: бинарный "[": "const mat4" не определяет этот оператор или преобразование к типу приемлемо к встроенному оператору
C:\Users\admin\source\repos\BoxScaleAndRotate\BoxScaleAndRotate\matrix.h(46,13): error C2676: бинарный "[": "const mat4" не определяет этот оператор или преобразование к типу приемлемо к встроенному оператору
C:\Users\admin\source\repos\BoxScaleAndRotate\BoxScaleAndRotate\matrix.h(46,24): error C2676: бинарный "[": "const mat4" не определяет этот оператор или преобразование к типу приемлемо к встроенному оператору
C:\Users\admin\source\repos\BoxScaleAndRotate\BoxScaleAndRotate\matrix.h(46,35): error C2676: бинарный "[": "const mat4" не определяет этот оператор или преобразование к типу приемлемо к встроенному оператору
C:\Users\admin\source\repos\BoxScaleAndRotate\BoxScaleAndRotate\matrix.h(46,46): error C2676: бинарный "[": "const mat4" не определяет этот оператор или преобразование к типу приемлемо к встроенному оператору
C:\Users\admin\source\repos\BoxScaleAndRotate\BoxScaleAndRotate\matrix.h(46,57): error C2676: бинарный "[": "const mat4" не определяет этот оператор или преобразование к типу приемлемо к встроенному оператору
C:\Users\admin\source\repos\BoxScaleAndRotate\BoxScaleAndRotate\matrix.h(46,68): error C2676: бинарный "[": "const mat4" не определяет этот оператор или преобразование к типу приемлемо к встроенному оператору
C:\Users\admin\source\repos\BoxScaleAndRotate\BoxScaleAndRotate\matrix.h(46,79): error C2676: бинарный "[": "const mat4" не определяет этот оператор или преобразование к типу приемлемо к встроенному оператору
C:\Users\admin\source\repos\BoxScaleAndRotate\BoxScaleAndRotate\matrix.h(46,90): error C2676: бинарный "[": "const mat4" не определяет этот оператор или преобразование к типу приемлемо к встроенному оператору
C:\Users\admin\source\repos\BoxScaleAndRotate\BoxScaleAndRotate\matrix.h(42,10): error C3861: Y: идентификатор не найден
C:\Users\admin\source\repos\BoxScaleAndRotate\BoxScaleAndRotate\matrix.h(48,5): error C2065: vec4: необъявленный идентификатор
C:\Users\admin\source\repos\BoxScaleAndRotate\BoxScaleAndRotate\matrix.h(48,10): error C2146: синтаксическая ошибка: отсутствие ";" перед идентификатором "Z"
C:\Users\admin\source\repos\BoxScaleAndRotate\BoxScaleAndRotate\matrix.h(49,13): error C2676: бинарный "[": "const mat4" не определяет этот оператор или преобразование к типу приемлемо к встроенному оператору
C:\Users\admin\source\repos\BoxScaleAndRotate\BoxScaleAndRotate\matrix.h(49,24): error C2676: бинарный "[": "const mat4" не определяет этот оператор или преобразование к типу приемлемо к встроенному оператору
C:\Users\admin\source\repos\BoxScaleAndRotate\BoxScaleAndRotate\matrix.h(49,24): fatal  error C1003: число ошибок превышает 100; остановка компиляции
